<?xml version="1.0" encoding="UTF-8"?>
<Site BuildName="Darwin-clang++"
	BuildStamp="20231123-1039-Experimental"
	Name="MacBook-Pro-von-yung-8.local"
	Generator="ctest-3.27.7"
	CompilerName="/usr/bin/clang++"
	CompilerVersion="13.1.6.13160021"
	OSName="macOS"
	Hostname="MacBook-Pro-von-yung-8.local"
	OSRelease="12.2"
	OSVersion="21D49"
	OSPlatform="arm64"
	Is64Bits="1"
	VendorString="IBM"
	VendorID="IBM"
	FamilyID="16777228"
	ModelID="2"
	ProcessorCacheSize="131072"
	NumberOfLogicalCPU="8"
	NumberOfPhysicalCPU="8"
	TotalVirtualMemory="0"
	TotalPhysicalMemory="16384"
	LogicalProcessorsPerPhysical="8"
	ProcessorClockFrequency="0"
	>
	<Testing>
		<StartDateTime>Nov 23 11:48 CET</StartDateTime>
		<StartTestTime>1700736515</StartTestTime>
		<TestList/>
		<EndDateTime>Nov 23 11:48 CET</EndDateTime>
		<EndTestTime>1700736515</EndTestTime>
		<ElapsedMinutes>0</ElapsedMinutes>
	</Testing>
</Site>
